{"/Users/kevinlam/Desktop/Galvanize 😎/Projects/capstone/accountabili-buddy-api/knex.js":{"path":"/Users/kevinlam/Desktop/Galvanize 😎/Projects/capstone/accountabili-buddy-api/knex.js","statementMap":{"0":{"start":{"line":3,"column":20},"end":{"line":3,"column":57}},"1":{"start":{"line":4,"column":19},"end":{"line":4,"column":53}},"2":{"start":{"line":5,"column":13},"end":{"line":5,"column":40}},"3":{"start":{"line":7,"column":0},"end":{"line":7,"column":22}}},"fnMap":{},"branchMap":{"0":{"loc":{"start":{"line":3,"column":20},"end":{"line":3,"column":57}},"type":"binary-expr","locations":[{"start":{"line":3,"column":20},"end":{"line":3,"column":40}},{"start":{"line":3,"column":44},"end":{"line":3,"column":57}}],"line":3}},"s":{"0":1,"1":1,"2":1,"3":1},"f":{},"b":{"0":[1,0]},"_coverageSchema":"332fd63041d2c1bcb487cc26dd0d5f7d97098a6c","hash":"c9c601c2a52fa17c6d0968422046328c85d419e1","contentHash":"86f44ea5d0cdaa7c051bb5a9a38f40af_11.0.2"},"/Users/kevinlam/Desktop/Galvanize 😎/Projects/capstone/accountabili-buddy-api/knexfile.js":{"path":"/Users/kevinlam/Desktop/Galvanize 😎/Projects/capstone/accountabili-buddy-api/knexfile.js","statementMap":{"0":{"start":{"line":3,"column":0},"end":{"line":19,"column":2}}},"fnMap":{},"branchMap":{},"s":{"0":1},"f":{},"b":{},"_coverageSchema":"332fd63041d2c1bcb487cc26dd0d5f7d97098a6c","hash":"8b857251af1d376020693d5b21cef1ed11e1d649","contentHash":"33c49948a4fe6f7a4b7545d545273af4_11.0.2"},"/Users/kevinlam/Desktop/Galvanize 😎/Projects/capstone/accountabili-buddy-api/server.js":{"path":"/Users/kevinlam/Desktop/Galvanize 😎/Projects/capstone/accountabili-buddy-api/server.js","statementMap":{"0":{"start":{"line":1,"column":0},"end":{"line":3,"column":1}},"1":{"start":{"line":2,"column":2},"end":{"line":2,"column":29}},"2":{"start":{"line":5,"column":16},"end":{"line":5,"column":34}},"3":{"start":{"line":7,"column":12},"end":{"line":7,"column":21}},"4":{"start":{"line":8,"column":13},"end":{"line":8,"column":37}},"5":{"start":{"line":9,"column":19},"end":{"line":9,"column":41}},"6":{"start":{"line":10,"column":21},"end":{"line":10,"column":45}},"7":{"start":{"line":11,"column":15},"end":{"line":11,"column":32}},"8":{"start":{"line":12,"column":17},"end":{"line":12,"column":36}},"9":{"start":{"line":13,"column":25},"end":{"line":13,"column":62}},"10":{"start":{"line":16,"column":0},"end":{"line":26,"column":1}},"11":{"start":{"line":18,"column":2},"end":{"line":18,"column":25}},"12":{"start":{"line":19,"column":2},"end":{"line":19,"column":8}},"13":{"start":{"line":22,"column":2},"end":{"line":22,"column":27}},"14":{"start":{"line":23,"column":2},"end":{"line":23,"column":8}},"15":{"start":{"line":28,"column":0},"end":{"line":34,"column":67}},"16":{"start":{"line":34,"column":47},"end":{"line":34,"column":64}},"17":{"start":{"line":36,"column":0},"end":{"line":38,"column":3}},"18":{"start":{"line":37,"column":2},"end":{"line":37,"column":17}},"19":{"start":{"line":40,"column":0},"end":{"line":42,"column":3}},"20":{"start":{"line":41,"column":2},"end":{"line":41,"column":16}},"21":{"start":{"line":44,"column":0},"end":{"line":44,"column":27}},"22":{"start":{"line":45,"column":0},"end":{"line":45,"column":24}},"23":{"start":{"line":46,"column":0},"end":{"line":50,"column":4}},"24":{"start":{"line":52,"column":0},"end":{"line":52,"column":31}},"25":{"start":{"line":53,"column":0},"end":{"line":53,"column":28}},"26":{"start":{"line":55,"column":14},"end":{"line":55,"column":39}},"27":{"start":{"line":56,"column":14},"end":{"line":56,"column":39}},"28":{"start":{"line":57,"column":15},"end":{"line":57,"column":41}},"29":{"start":{"line":58,"column":14},"end":{"line":58,"column":39}},"30":{"start":{"line":60,"column":0},"end":{"line":60,"column":15}},"31":{"start":{"line":61,"column":0},"end":{"line":61,"column":15}},"32":{"start":{"line":62,"column":0},"end":{"line":62,"column":16}},"33":{"start":{"line":63,"column":0},"end":{"line":63,"column":15}},"34":{"start":{"line":65,"column":0},"end":{"line":67,"column":3}},"35":{"start":{"line":66,"column":2},"end":{"line":66,"column":22}},"36":{"start":{"line":70,"column":0},"end":{"line":81,"column":3}},"37":{"start":{"line":71,"column":2},"end":{"line":76,"column":3}},"38":{"start":{"line":72,"column":4},"end":{"line":75,"column":25}},"39":{"start":{"line":79,"column":2},"end":{"line":79,"column":27}},"40":{"start":{"line":80,"column":2},"end":{"line":80,"column":29}},"41":{"start":{"line":83,"column":0},"end":{"line":85,"column":3}},"42":{"start":{"line":84,"column":2},"end":{"line":84,"column":46}},"43":{"start":{"line":87,"column":0},"end":{"line":87,"column":21}}},"fnMap":{"0":{"name":"(anonymous_0)","decl":{"start":{"line":34,"column":3},"end":{"line":34,"column":4}},"loc":{"start":{"line":34,"column":47},"end":{"line":34,"column":64}},"line":34},"1":{"name":"(anonymous_1)","decl":{"start":{"line":36,"column":23},"end":{"line":36,"column":24}},"loc":{"start":{"line":36,"column":37},"end":{"line":38,"column":1}},"line":36},"2":{"name":"(anonymous_2)","decl":{"start":{"line":40,"column":25},"end":{"line":40,"column":26}},"loc":{"start":{"line":40,"column":38},"end":{"line":42,"column":1}},"line":40},"3":{"name":"(anonymous_3)","decl":{"start":{"line":65,"column":8},"end":{"line":65,"column":9}},"loc":{"start":{"line":65,"column":22},"end":{"line":67,"column":1}},"line":65},"4":{"name":"(anonymous_4)","decl":{"start":{"line":70,"column":8},"end":{"line":70,"column":9}},"loc":{"start":{"line":70,"column":35},"end":{"line":81,"column":1}},"line":70},"5":{"name":"(anonymous_5)","decl":{"start":{"line":83,"column":17},"end":{"line":83,"column":18}},"loc":{"start":{"line":83,"column":23},"end":{"line":85,"column":1}},"line":83}},"branchMap":{"0":{"loc":{"start":{"line":1,"column":0},"end":{"line":3,"column":1}},"type":"if","locations":[{"start":{"line":1,"column":0},"end":{"line":3,"column":1}},{"start":{"line":1,"column":0},"end":{"line":3,"column":1}}],"line":1},"1":{"loc":{"start":{"line":8,"column":13},"end":{"line":8,"column":37}},"type":"binary-expr","locations":[{"start":{"line":8,"column":13},"end":{"line":8,"column":29}},{"start":{"line":8,"column":33},"end":{"line":8,"column":37}}],"line":8},"2":{"loc":{"start":{"line":16,"column":0},"end":{"line":26,"column":1}},"type":"switch","locations":[{"start":{"line":17,"column":0},"end":{"line":19,"column":8}},{"start":{"line":21,"column":0},"end":{"line":23,"column":8}},{"start":{"line":25,"column":0},"end":{"line":25,"column":8}}],"line":16},"3":{"loc":{"start":{"line":71,"column":2},"end":{"line":76,"column":3}},"type":"if","locations":[{"start":{"line":71,"column":2},"end":{"line":76,"column":3}},{"start":{"line":71,"column":2},"end":{"line":76,"column":3}}],"line":71},"4":{"loc":{"start":{"line":71,"column":6},"end":{"line":71,"column":41}},"type":"binary-expr","locations":[{"start":{"line":71,"column":6},"end":{"line":71,"column":16}},{"start":{"line":71,"column":20},"end":{"line":71,"column":41}}],"line":71}},"s":{"0":1,"1":1,"2":1,"3":1,"4":1,"5":1,"6":1,"7":1,"8":1,"9":1,"10":1,"11":0,"12":0,"13":0,"14":0,"15":1,"16":0,"17":1,"18":0,"19":1,"20":0,"21":1,"22":1,"23":1,"24":1,"25":1,"26":1,"27":1,"28":1,"29":1,"30":1,"31":1,"32":1,"33":1,"34":1,"35":0,"36":1,"37":4,"38":4,"39":0,"40":0,"41":1,"42":1,"43":1},"f":{"0":0,"1":0,"2":0,"3":0,"4":4,"5":1},"b":{"0":[1,0],"1":[1,1],"2":[0,0,1],"3":[4,0],"4":[4,4]},"_coverageSchema":"332fd63041d2c1bcb487cc26dd0d5f7d97098a6c","hash":"3997455abdc9985ed31d06a865f95effc00701d7","contentHash":"e84b5b881bd815a5bae00f322e0941b0_11.0.2"},"/Users/kevinlam/Desktop/Galvanize 😎/Projects/capstone/accountabili-buddy-api/routes/users.js":{"path":"/Users/kevinlam/Desktop/Galvanize 😎/Projects/capstone/accountabili-buddy-api/routes/users.js","statementMap":{"0":{"start":{"line":3,"column":16},"end":{"line":3,"column":34}},"1":{"start":{"line":5,"column":15},"end":{"line":5,"column":31}},"2":{"start":{"line":6,"column":12},"end":{"line":6,"column":35}},"3":{"start":{"line":7,"column":15},"end":{"line":7,"column":44}},"4":{"start":{"line":8,"column":13},"end":{"line":8,"column":28}},"5":{"start":{"line":9,"column":17},"end":{"line":9,"column":36}},"6":{"start":{"line":11,"column":13},"end":{"line":11,"column":31}},"7":{"start":{"line":12,"column":14},"end":{"line":12,"column":40}},"8":{"start":{"line":13,"column":15},"end":{"line":13,"column":42}},"9":{"start":{"line":16,"column":2},"end":{"line":16,"column":58}},"10":{"start":{"line":21,"column":2},"end":{"line":21,"column":54}},"11":{"start":{"line":26,"column":17},"end":{"line":26,"column":19}},"12":{"start":{"line":28,"column":2},"end":{"line":30,"column":3}},"13":{"start":{"line":29,"column":4},"end":{"line":29,"column":43}},"14":{"start":{"line":31,"column":2},"end":{"line":33,"column":3}},"15":{"start":{"line":32,"column":4},"end":{"line":32,"column":63}},"16":{"start":{"line":34,"column":2},"end":{"line":36,"column":3}},"17":{"start":{"line":35,"column":4},"end":{"line":35,"column":48}},"18":{"start":{"line":37,"column":2},"end":{"line":39,"column":3}},"19":{"start":{"line":38,"column":4},"end":{"line":38,"column":47}},"20":{"start":{"line":41,"column":2},"end":{"line":41,"column":77}},"21":{"start":{"line":45,"column":0},"end":{"line":76,"column":5}},"22":{"start":{"line":47,"column":4},"end":{"line":52,"column":29}},"23":{"start":{"line":49,"column":6},"end":{"line":49,"column":56}},"24":{"start":{"line":50,"column":6},"end":{"line":50,"column":42}},"25":{"start":{"line":52,"column":18},"end":{"line":52,"column":27}},"26":{"start":{"line":55,"column":17},"end":{"line":55,"column":25}},"27":{"start":{"line":56,"column":18},"end":{"line":56,"column":36}},"28":{"start":{"line":57,"column":4},"end":{"line":59,"column":5}},"29":{"start":{"line":58,"column":6},"end":{"line":58,"column":25}},"30":{"start":{"line":61,"column":4},"end":{"line":75,"column":29}},"31":{"start":{"line":62,"column":28},"end":{"line":74,"column":6}},"32":{"start":{"line":72,"column":6},"end":{"line":72,"column":56}},"33":{"start":{"line":73,"column":6},"end":{"line":73,"column":37}},"34":{"start":{"line":75,"column":18},"end":{"line":75,"column":27}},"35":{"start":{"line":79,"column":0},"end":{"line":115,"column":5}},"36":{"start":{"line":81,"column":4},"end":{"line":95,"column":29}},"37":{"start":{"line":84,"column":6},"end":{"line":86,"column":7}},"38":{"start":{"line":85,"column":8},"end":{"line":85,"column":56}},"39":{"start":{"line":87,"column":6},"end":{"line":89,"column":9}},"40":{"start":{"line":92,"column":6},"end":{"line":92,"column":56}},"41":{"start":{"line":93,"column":6},"end":{"line":93,"column":42}},"42":{"start":{"line":95,"column":18},"end":{"line":95,"column":27}},"43":{"start":{"line":98,"column":15},"end":{"line":98,"column":28}},"44":{"start":{"line":99,"column":4},"end":{"line":114,"column":29}},"45":{"start":{"line":102,"column":6},"end":{"line":102,"column":24}},"46":{"start":{"line":103,"column":6},"end":{"line":105,"column":7}},"47":{"start":{"line":104,"column":8},"end":{"line":104,"column":49}},"48":{"start":{"line":106,"column":6},"end":{"line":106,"column":50}},"49":{"start":{"line":109,"column":16},"end":{"line":109,"column":36}},"50":{"start":{"line":110,"column":6},"end":{"line":110,"column":34}},"51":{"start":{"line":111,"column":6},"end":{"line":111,"column":56}},"52":{"start":{"line":112,"column":6},"end":{"line":112,"column":34}},"53":{"start":{"line":114,"column":18},"end":{"line":114,"column":27}},"54":{"start":{"line":117,"column":0},"end":{"line":131,"column":5}},"55":{"start":{"line":119,"column":4},"end":{"line":130,"column":29}},"56":{"start":{"line":121,"column":6},"end":{"line":123,"column":7}},"57":{"start":{"line":122,"column":8},"end":{"line":122,"column":69}},"58":{"start":{"line":124,"column":6},"end":{"line":124,"column":80}},"59":{"start":{"line":127,"column":6},"end":{"line":127,"column":56}},"60":{"start":{"line":128,"column":6},"end":{"line":128,"column":29}},"61":{"start":{"line":130,"column":18},"end":{"line":130,"column":27}},"62":{"start":{"line":134,"column":0},"end":{"line":137,"column":2}},"63":{"start":{"line":136,"column":16},"end":{"line":136,"column":40}},"64":{"start":{"line":140,"column":0},"end":{"line":143,"column":4}},"65":{"start":{"line":142,"column":16},"end":{"line":142,"column":40}},"66":{"start":{"line":145,"column":0},"end":{"line":145,"column":24}}},"fnMap":{"0":{"name":"isEmpty","decl":{"start":{"line":15,"column":9},"end":{"line":15,"column":16}},"loc":{"start":{"line":15,"column":24},"end":{"line":17,"column":1}},"line":15},"1":{"name":"hasMinLength","decl":{"start":{"line":20,"column":9},"end":{"line":20,"column":21}},"loc":{"start":{"line":20,"column":40},"end":{"line":22,"column":1}},"line":20},"2":{"name":"validateUser","decl":{"start":{"line":25,"column":9},"end":{"line":25,"column":21}},"loc":{"start":{"line":25,"column":64},"end":{"line":42,"column":1}},"line":25},"3":{"name":"(anonymous_3)","decl":{"start":{"line":46,"column":7},"end":{"line":46,"column":8}},"loc":{"start":{"line":46,"column":27},"end":{"line":53,"column":3}},"line":46},"4":{"name":"(anonymous_4)","decl":{"start":{"line":48,"column":10},"end":{"line":48,"column":11}},"loc":{"start":{"line":48,"column":25},"end":{"line":51,"column":5}},"line":48},"5":{"name":"(anonymous_5)","decl":{"start":{"line":52,"column":11},"end":{"line":52,"column":12}},"loc":{"start":{"line":52,"column":18},"end":{"line":52,"column":27}},"line":52},"6":{"name":"(anonymous_6)","decl":{"start":{"line":54,"column":8},"end":{"line":54,"column":9}},"loc":{"start":{"line":54,"column":28},"end":{"line":76,"column":3}},"line":54},"7":{"name":"(anonymous_7)","decl":{"start":{"line":62,"column":10},"end":{"line":62,"column":11}},"loc":{"start":{"line":62,"column":28},"end":{"line":74,"column":6}},"line":62},"8":{"name":"(anonymous_8)","decl":{"start":{"line":71,"column":10},"end":{"line":71,"column":11}},"loc":{"start":{"line":71,"column":20},"end":{"line":74,"column":5}},"line":71},"9":{"name":"(anonymous_9)","decl":{"start":{"line":75,"column":11},"end":{"line":75,"column":12}},"loc":{"start":{"line":75,"column":18},"end":{"line":75,"column":27}},"line":75},"10":{"name":"(anonymous_10)","decl":{"start":{"line":80,"column":7},"end":{"line":80,"column":8}},"loc":{"start":{"line":80,"column":27},"end":{"line":96,"column":3}},"line":80},"11":{"name":"(anonymous_11)","decl":{"start":{"line":83,"column":10},"end":{"line":83,"column":11}},"loc":{"start":{"line":83,"column":20},"end":{"line":90,"column":5}},"line":83},"12":{"name":"(anonymous_12)","decl":{"start":{"line":91,"column":10},"end":{"line":91,"column":11}},"loc":{"start":{"line":91,"column":25},"end":{"line":94,"column":5}},"line":91},"13":{"name":"(anonymous_13)","decl":{"start":{"line":95,"column":11},"end":{"line":95,"column":12}},"loc":{"start":{"line":95,"column":18},"end":{"line":95,"column":27}},"line":95},"14":{"name":"(anonymous_14)","decl":{"start":{"line":97,"column":9},"end":{"line":97,"column":10}},"loc":{"start":{"line":97,"column":29},"end":{"line":115,"column":3}},"line":97},"15":{"name":"(anonymous_15)","decl":{"start":{"line":101,"column":10},"end":{"line":101,"column":11}},"loc":{"start":{"line":101,"column":20},"end":{"line":107,"column":5}},"line":101},"16":{"name":"(anonymous_16)","decl":{"start":{"line":108,"column":10},"end":{"line":108,"column":11}},"loc":{"start":{"line":108,"column":27},"end":{"line":113,"column":5}},"line":108},"17":{"name":"(anonymous_17)","decl":{"start":{"line":114,"column":11},"end":{"line":114,"column":12}},"loc":{"start":{"line":114,"column":18},"end":{"line":114,"column":27}},"line":114},"18":{"name":"(anonymous_18)","decl":{"start":{"line":118,"column":7},"end":{"line":118,"column":8}},"loc":{"start":{"line":118,"column":27},"end":{"line":131,"column":3}},"line":118},"19":{"name":"(anonymous_19)","decl":{"start":{"line":120,"column":10},"end":{"line":120,"column":11}},"loc":{"start":{"line":120,"column":27},"end":{"line":125,"column":5}},"line":120},"20":{"name":"(anonymous_20)","decl":{"start":{"line":126,"column":10},"end":{"line":126,"column":11}},"loc":{"start":{"line":126,"column":28},"end":{"line":129,"column":5}},"line":126},"21":{"name":"(anonymous_21)","decl":{"start":{"line":130,"column":11},"end":{"line":130,"column":12}},"loc":{"start":{"line":130,"column":18},"end":{"line":130,"column":27}},"line":130},"22":{"name":"(anonymous_22)","decl":{"start":{"line":136,"column":2},"end":{"line":136,"column":3}},"loc":{"start":{"line":136,"column":16},"end":{"line":136,"column":40}},"line":136},"23":{"name":"(anonymous_23)","decl":{"start":{"line":142,"column":2},"end":{"line":142,"column":3}},"loc":{"start":{"line":142,"column":16},"end":{"line":142,"column":40}},"line":142}},"branchMap":{"0":{"loc":{"start":{"line":16,"column":9},"end":{"line":16,"column":57}},"type":"binary-expr","locations":[{"start":{"line":16,"column":9},"end":{"line":16,"column":28}},{"start":{"line":16,"column":32},"end":{"line":16,"column":57}}],"line":16},"1":{"loc":{"start":{"line":21,"column":9},"end":{"line":21,"column":53}},"type":"binary-expr","locations":[{"start":{"line":21,"column":9},"end":{"line":21,"column":24}},{"start":{"line":21,"column":28},"end":{"line":21,"column":53}}],"line":21},"2":{"loc":{"start":{"line":28,"column":2},"end":{"line":30,"column":3}},"type":"if","locations":[{"start":{"line":28,"column":2},"end":{"line":30,"column":3}},{"start":{"line":28,"column":2},"end":{"line":30,"column":3}}],"line":28},"3":{"loc":{"start":{"line":31,"column":2},"end":{"line":33,"column":3}},"type":"if","locations":[{"start":{"line":31,"column":2},"end":{"line":33,"column":3}},{"start":{"line":31,"column":2},"end":{"line":33,"column":3}}],"line":31},"4":{"loc":{"start":{"line":34,"column":2},"end":{"line":36,"column":3}},"type":"if","locations":[{"start":{"line":34,"column":2},"end":{"line":36,"column":3}},{"start":{"line":34,"column":2},"end":{"line":36,"column":3}}],"line":34},"5":{"loc":{"start":{"line":37,"column":2},"end":{"line":39,"column":3}},"type":"if","locations":[{"start":{"line":37,"column":2},"end":{"line":39,"column":3}},{"start":{"line":37,"column":2},"end":{"line":39,"column":3}}],"line":37},"6":{"loc":{"start":{"line":41,"column":9},"end":{"line":41,"column":76}},"type":"cond-expr","locations":[{"start":{"line":41,"column":29},"end":{"line":41,"column":64}},{"start":{"line":41,"column":67},"end":{"line":41,"column":76}}],"line":41},"7":{"loc":{"start":{"line":57,"column":4},"end":{"line":59,"column":5}},"type":"if","locations":[{"start":{"line":57,"column":4},"end":{"line":59,"column":5}},{"start":{"line":57,"column":4},"end":{"line":59,"column":5}}],"line":57},"8":{"loc":{"start":{"line":84,"column":6},"end":{"line":86,"column":7}},"type":"if","locations":[{"start":{"line":84,"column":6},"end":{"line":86,"column":7}},{"start":{"line":84,"column":6},"end":{"line":86,"column":7}}],"line":84},"9":{"loc":{"start":{"line":103,"column":6},"end":{"line":105,"column":7}},"type":"if","locations":[{"start":{"line":103,"column":6},"end":{"line":105,"column":7}},{"start":{"line":103,"column":6},"end":{"line":105,"column":7}}],"line":103},"10":{"loc":{"start":{"line":121,"column":6},"end":{"line":123,"column":7}},"type":"if","locations":[{"start":{"line":121,"column":6},"end":{"line":123,"column":7}},{"start":{"line":121,"column":6},"end":{"line":123,"column":7}}],"line":121}},"s":{"0":1,"1":1,"2":1,"3":1,"4":1,"5":1,"6":1,"7":1,"8":1,"9":8,"10":2,"11":2,"12":2,"13":2,"14":2,"15":1,"16":2,"17":1,"18":2,"19":1,"20":2,"21":1,"22":1,"23":1,"24":1,"25":0,"26":2,"27":2,"28":2,"29":2,"30":0,"31":0,"32":0,"33":0,"34":0,"35":1,"36":2,"37":2,"38":1,"39":1,"40":2,"41":1,"42":1,"43":0,"44":0,"45":0,"46":0,"47":0,"48":0,"49":0,"50":0,"51":0,"52":0,"53":0,"54":1,"55":0,"56":0,"57":0,"58":0,"59":0,"60":0,"61":0,"62":1,"63":0,"64":1,"65":0,"66":1},"f":{"0":8,"1":2,"2":2,"3":1,"4":1,"5":0,"6":2,"7":0,"8":0,"9":0,"10":2,"11":2,"12":2,"13":1,"14":0,"15":0,"16":0,"17":0,"18":0,"19":0,"20":0,"21":0,"22":0,"23":0},"b":{"0":[8,3],"1":[2,1],"2":[2,0],"3":[1,1],"4":[1,1],"5":[1,1],"6":[2,0],"7":[2,0],"8":[1,1],"9":[0,0],"10":[0,0]},"_coverageSchema":"332fd63041d2c1bcb487cc26dd0d5f7d97098a6c","hash":"e0cc2b0af26145641ac3a002d7efc65dcd882cd9","contentHash":"b89dc1b91ca3044359b7fca530b51df9_11.0.2"},"/Users/kevinlam/Desktop/Galvanize 😎/Projects/capstone/accountabili-buddy-api/models/users.js":{"path":"/Users/kevinlam/Desktop/Galvanize 😎/Projects/capstone/accountabili-buddy-api/models/users.js","statementMap":{"0":{"start":{"line":1,"column":18},"end":{"line":1,"column":41}},"1":{"start":{"line":3,"column":0},"end":{"line":3,"column":19}},"2":{"start":{"line":4,"column":0},"end":{"line":4,"column":25}},"3":{"start":{"line":5,"column":0},"end":{"line":5,"column":20}},"4":{"start":{"line":6,"column":0},"end":{"line":6,"column":20}},"5":{"start":{"line":8,"column":14},"end":{"line":24,"column":2}},"6":{"start":{"line":13,"column":4},"end":{"line":13,"column":61}},"7":{"start":{"line":16,"column":4},"end":{"line":16,"column":40}},"8":{"start":{"line":19,"column":4},"end":{"line":19,"column":58}},"9":{"start":{"line":22,"column":4},"end":{"line":22,"column":34}},"10":{"start":{"line":26,"column":0},"end":{"line":26,"column":49}}},"fnMap":{"0":{"name":"(anonymous_0)","decl":{"start":{"line":12,"column":9},"end":{"line":12,"column":10}},"loc":{"start":{"line":12,"column":21},"end":{"line":14,"column":3}},"line":12},"1":{"name":"(anonymous_1)","decl":{"start":{"line":15,"column":16},"end":{"line":15,"column":17}},"loc":{"start":{"line":15,"column":28},"end":{"line":17,"column":3}},"line":15},"2":{"name":"(anonymous_2)","decl":{"start":{"line":18,"column":15},"end":{"line":18,"column":16}},"loc":{"start":{"line":18,"column":27},"end":{"line":20,"column":3}},"line":18},"3":{"name":"(anonymous_3)","decl":{"start":{"line":21,"column":10},"end":{"line":21,"column":11}},"loc":{"start":{"line":21,"column":22},"end":{"line":23,"column":3}},"line":21}},"branchMap":{},"s":{"0":1,"1":1,"2":1,"3":1,"4":1,"5":1,"6":2,"7":2,"8":2,"9":0,"10":1},"f":{"0":2,"1":2,"2":2,"3":0},"b":{},"_coverageSchema":"332fd63041d2c1bcb487cc26dd0d5f7d97098a6c","hash":"6c96fcab323e6c2f751817e16f043387eeb41c04","contentHash":"f14411b228a5e48962469a55a32b329d_11.0.2"},"/Users/kevinlam/Desktop/Galvanize 😎/Projects/capstone/accountabili-buddy-api/bookshelf.js":{"path":"/Users/kevinlam/Desktop/Galvanize 😎/Projects/capstone/accountabili-buddy-api/bookshelf.js","statementMap":{"0":{"start":{"line":1,"column":13},"end":{"line":1,"column":30}},"1":{"start":{"line":2,"column":18},"end":{"line":2,"column":44}},"2":{"start":{"line":4,"column":0},"end":{"line":4,"column":29}},"3":{"start":{"line":5,"column":0},"end":{"line":5,"column":31}},"4":{"start":{"line":6,"column":0},"end":{"line":6,"column":59}},"5":{"start":{"line":8,"column":0},"end":{"line":8,"column":27}}},"fnMap":{},"branchMap":{},"s":{"0":1,"1":1,"2":1,"3":1,"4":1,"5":1},"f":{},"b":{},"_coverageSchema":"332fd63041d2c1bcb487cc26dd0d5f7d97098a6c","hash":"7ae19698b37b4e4c7015cdf7bfd9e1f2bbe30b7d","contentHash":"87257a996fd6d4a35583ec8d9919db44_11.0.2"},"/Users/kevinlam/Desktop/Galvanize 😎/Projects/capstone/accountabili-buddy-api/models/teams.js":{"path":"/Users/kevinlam/Desktop/Galvanize 😎/Projects/capstone/accountabili-buddy-api/models/teams.js","statementMap":{"0":{"start":{"line":1,"column":18},"end":{"line":1,"column":41}},"1":{"start":{"line":3,"column":0},"end":{"line":3,"column":19}},"2":{"start":{"line":4,"column":0},"end":{"line":4,"column":25}},"3":{"start":{"line":6,"column":14},"end":{"line":11,"column":2}},"4":{"start":{"line":9,"column":4},"end":{"line":9,"column":61}},"5":{"start":{"line":13,"column":0},"end":{"line":13,"column":49}}},"fnMap":{"0":{"name":"(anonymous_0)","decl":{"start":{"line":8,"column":9},"end":{"line":8,"column":10}},"loc":{"start":{"line":8,"column":20},"end":{"line":10,"column":3}},"line":8}},"branchMap":{},"s":{"0":1,"1":1,"2":1,"3":1,"4":2,"5":1},"f":{"0":2},"b":{},"_coverageSchema":"332fd63041d2c1bcb487cc26dd0d5f7d97098a6c","hash":"4397d3233999bb1fc10888738d96a161f5d3083a","contentHash":"8cbce88554876e13e748cd74f5639ba4_11.0.2"},"/Users/kevinlam/Desktop/Galvanize 😎/Projects/capstone/accountabili-buddy-api/models/teams_users.js":{"path":"/Users/kevinlam/Desktop/Galvanize 😎/Projects/capstone/accountabili-buddy-api/models/teams_users.js","statementMap":{"0":{"start":{"line":1,"column":18},"end":{"line":1,"column":41}},"1":{"start":{"line":3,"column":0},"end":{"line":3,"column":19}},"2":{"start":{"line":4,"column":0},"end":{"line":4,"column":19}},"3":{"start":{"line":6,"column":19},"end":{"line":15,"column":2}},"4":{"start":{"line":10,"column":4},"end":{"line":10,"column":33}},"5":{"start":{"line":13,"column":4},"end":{"line":13,"column":33}},"6":{"start":{"line":17,"column":0},"end":{"line":17,"column":59}}},"fnMap":{"0":{"name":"(anonymous_0)","decl":{"start":{"line":9,"column":9},"end":{"line":9,"column":10}},"loc":{"start":{"line":9,"column":21},"end":{"line":11,"column":3}},"line":9},"1":{"name":"(anonymous_1)","decl":{"start":{"line":12,"column":9},"end":{"line":12,"column":10}},"loc":{"start":{"line":12,"column":21},"end":{"line":14,"column":3}},"line":12}},"branchMap":{},"s":{"0":1,"1":1,"2":1,"3":1,"4":0,"5":0,"6":1},"f":{"0":0,"1":0},"b":{},"_coverageSchema":"332fd63041d2c1bcb487cc26dd0d5f7d97098a6c","hash":"0999ff2a6ddc09881407929e229575132b202141","contentHash":"ac503863697d4cb2a2e99cb0c9b306db_11.0.2"},"/Users/kevinlam/Desktop/Galvanize 😎/Projects/capstone/accountabili-buddy-api/models/images.js":{"path":"/Users/kevinlam/Desktop/Galvanize 😎/Projects/capstone/accountabili-buddy-api/models/images.js","statementMap":{"0":{"start":{"line":1,"column":18},"end":{"line":1,"column":41}},"1":{"start":{"line":3,"column":0},"end":{"line":3,"column":19}},"2":{"start":{"line":4,"column":0},"end":{"line":4,"column":20}},"3":{"start":{"line":6,"column":15},"end":{"line":17,"column":2}},"4":{"start":{"line":9,"column":4},"end":{"line":9,"column":39}},"5":{"start":{"line":12,"column":4},"end":{"line":12,"column":57}},"6":{"start":{"line":15,"column":4},"end":{"line":15,"column":34}},"7":{"start":{"line":19,"column":0},"end":{"line":19,"column":51}}},"fnMap":{"0":{"name":"(anonymous_0)","decl":{"start":{"line":8,"column":15},"end":{"line":8,"column":16}},"loc":{"start":{"line":8,"column":27},"end":{"line":10,"column":3}},"line":8},"1":{"name":"(anonymous_1)","decl":{"start":{"line":11,"column":14},"end":{"line":11,"column":15}},"loc":{"start":{"line":11,"column":26},"end":{"line":13,"column":3}},"line":11},"2":{"name":"(anonymous_2)","decl":{"start":{"line":14,"column":10},"end":{"line":14,"column":11}},"loc":{"start":{"line":14,"column":22},"end":{"line":16,"column":3}},"line":14}},"branchMap":{},"s":{"0":1,"1":1,"2":1,"3":1,"4":0,"5":0,"6":0,"7":1},"f":{"0":0,"1":0,"2":0},"b":{},"_coverageSchema":"332fd63041d2c1bcb487cc26dd0d5f7d97098a6c","hash":"52c7414b59b5b7efd49129c4f5edeac10ae471b7","contentHash":"5f55b94df4a394690d48b718b824ac82_11.0.2"},"/Users/kevinlam/Desktop/Galvanize 😎/Projects/capstone/accountabili-buddy-api/models/events.js":{"path":"/Users/kevinlam/Desktop/Galvanize 😎/Projects/capstone/accountabili-buddy-api/models/events.js","statementMap":{"0":{"start":{"line":1,"column":18},"end":{"line":1,"column":41}},"1":{"start":{"line":3,"column":0},"end":{"line":3,"column":19}},"2":{"start":{"line":4,"column":0},"end":{"line":4,"column":20}},"3":{"start":{"line":5,"column":0},"end":{"line":5,"column":19}},"4":{"start":{"line":7,"column":15},"end":{"line":19,"column":2}},"5":{"start":{"line":14,"column":4},"end":{"line":14,"column":36}},"6":{"start":{"line":17,"column":4},"end":{"line":17,"column":35}},"7":{"start":{"line":21,"column":0},"end":{"line":21,"column":51}}},"fnMap":{"0":{"name":"(anonymous_0)","decl":{"start":{"line":13,"column":10},"end":{"line":13,"column":11}},"loc":{"start":{"line":13,"column":22},"end":{"line":15,"column":3}},"line":13},"1":{"name":"(anonymous_1)","decl":{"start":{"line":16,"column":8},"end":{"line":16,"column":9}},"loc":{"start":{"line":16,"column":20},"end":{"line":18,"column":3}},"line":16}},"branchMap":{},"s":{"0":1,"1":1,"2":1,"3":1,"4":1,"5":0,"6":0,"7":1},"f":{"0":0,"1":0},"b":{},"_coverageSchema":"332fd63041d2c1bcb487cc26dd0d5f7d97098a6c","hash":"2ff3a7ed51054c41850fd55caf3f20defa966787","contentHash":"73a433104694f1f7b15c86ad00f0c779_11.0.2"},"/Users/kevinlam/Desktop/Galvanize 😎/Projects/capstone/accountabili-buddy-api/routes/teams.js":{"path":"/Users/kevinlam/Desktop/Galvanize 😎/Projects/capstone/accountabili-buddy-api/routes/teams.js","statementMap":{"0":{"start":{"line":1,"column":16},"end":{"line":1,"column":34}},"1":{"start":{"line":3,"column":15},"end":{"line":3,"column":31}},"2":{"start":{"line":4,"column":14},"end":{"line":4,"column":40}},"3":{"start":{"line":5,"column":13},"end":{"line":5,"column":28}},"4":{"start":{"line":7,"column":13},"end":{"line":7,"column":31}},"5":{"start":{"line":10,"column":0},"end":{"line":42,"column":5}},"6":{"start":{"line":13,"column":4},"end":{"line":20,"column":7}},"7":{"start":{"line":15,"column":8},"end":{"line":15,"column":58}},"8":{"start":{"line":16,"column":8},"end":{"line":16,"column":44}},"9":{"start":{"line":19,"column":6},"end":{"line":19,"column":16}},"10":{"start":{"line":24,"column":21},"end":{"line":24,"column":29}},"11":{"start":{"line":25,"column":4},"end":{"line":27,"column":5}},"12":{"start":{"line":26,"column":6},"end":{"line":26,"column":67}},"13":{"start":{"line":29,"column":4},"end":{"line":41,"column":7}},"14":{"start":{"line":35,"column":6},"end":{"line":35,"column":56}},"15":{"start":{"line":36,"column":6},"end":{"line":36,"column":37}},"16":{"start":{"line":39,"column":6},"end":{"line":39,"column":34}},"17":{"start":{"line":40,"column":6},"end":{"line":40,"column":16}},"18":{"start":{"line":45,"column":0},"end":{"line":96,"column":7}},"19":{"start":{"line":48,"column":21},"end":{"line":48,"column":31}},"20":{"start":{"line":49,"column":6},"end":{"line":60,"column":9}},"21":{"start":{"line":52,"column":8},"end":{"line":54,"column":9}},"22":{"start":{"line":53,"column":10},"end":{"line":53,"column":51}},"23":{"start":{"line":55,"column":8},"end":{"line":55,"column":58}},"24":{"start":{"line":56,"column":8},"end":{"line":56,"column":39}},"25":{"start":{"line":59,"column":8},"end":{"line":59,"column":18}},"26":{"start":{"line":64,"column":21},"end":{"line":64,"column":31}},"27":{"start":{"line":65,"column":6},"end":{"line":78,"column":9}},"28":{"start":{"line":68,"column":8},"end":{"line":70,"column":9}},"29":{"start":{"line":69,"column":10},"end":{"line":69,"column":51}},"30":{"start":{"line":71,"column":8},"end":{"line":71,"column":63}},"31":{"start":{"line":72,"column":8},"end":{"line":72,"column":58}},"32":{"start":{"line":73,"column":8},"end":{"line":73,"column":57}},"33":{"start":{"line":76,"column":8},"end":{"line":76,"column":78}},"34":{"start":{"line":77,"column":8},"end":{"line":77,"column":18}},"35":{"start":{"line":82,"column":6},"end":{"line":95,"column":9}},"36":{"start":{"line":85,"column":8},"end":{"line":87,"column":9}},"37":{"start":{"line":86,"column":10},"end":{"line":86,"column":51}},"38":{"start":{"line":88,"column":8},"end":{"line":88,"column":23}},"39":{"start":{"line":89,"column":8},"end":{"line":89,"column":58}},"40":{"start":{"line":90,"column":8},"end":{"line":90,"column":62}},"41":{"start":{"line":93,"column":8},"end":{"line":93,"column":78}},"42":{"start":{"line":94,"column":8},"end":{"line":94,"column":18}},"43":{"start":{"line":99,"column":0},"end":{"line":115,"column":5}},"44":{"start":{"line":101,"column":19},"end":{"line":101,"column":32}},"45":{"start":{"line":102,"column":27},"end":{"line":102,"column":36}},"46":{"start":{"line":103,"column":4},"end":{"line":114,"column":29}},"47":{"start":{"line":111,"column":6},"end":{"line":111,"column":56}},"48":{"start":{"line":112,"column":6},"end":{"line":112,"column":23}},"49":{"start":{"line":114,"column":18},"end":{"line":114,"column":27}},"50":{"start":{"line":117,"column":0},"end":{"line":117,"column":24}}},"fnMap":{"0":{"name":"(anonymous_0)","decl":{"start":{"line":12,"column":7},"end":{"line":12,"column":8}},"loc":{"start":{"line":12,"column":27},"end":{"line":21,"column":3}},"line":12},"1":{"name":"(anonymous_1)","decl":{"start":{"line":14,"column":12},"end":{"line":14,"column":13}},"loc":{"start":{"line":14,"column":27},"end":{"line":17,"column":7}},"line":14},"2":{"name":"(anonymous_2)","decl":{"start":{"line":18,"column":11},"end":{"line":18,"column":12}},"loc":{"start":{"line":18,"column":20},"end":{"line":20,"column":5}},"line":18},"3":{"name":"(anonymous_3)","decl":{"start":{"line":23,"column":8},"end":{"line":23,"column":9}},"loc":{"start":{"line":23,"column":28},"end":{"line":42,"column":3}},"line":23},"4":{"name":"(anonymous_4)","decl":{"start":{"line":34,"column":10},"end":{"line":34,"column":11}},"loc":{"start":{"line":34,"column":20},"end":{"line":37,"column":5}},"line":34},"5":{"name":"(anonymous_5)","decl":{"start":{"line":38,"column":11},"end":{"line":38,"column":12}},"loc":{"start":{"line":38,"column":20},"end":{"line":41,"column":5}},"line":38},"6":{"name":"(anonymous_6)","decl":{"start":{"line":47,"column":9},"end":{"line":47,"column":10}},"loc":{"start":{"line":47,"column":29},"end":{"line":61,"column":5}},"line":47},"7":{"name":"(anonymous_7)","decl":{"start":{"line":51,"column":12},"end":{"line":51,"column":13}},"loc":{"start":{"line":51,"column":22},"end":{"line":57,"column":7}},"line":51},"8":{"name":"(anonymous_8)","decl":{"start":{"line":58,"column":13},"end":{"line":58,"column":14}},"loc":{"start":{"line":58,"column":22},"end":{"line":60,"column":7}},"line":58},"9":{"name":"(anonymous_9)","decl":{"start":{"line":63,"column":9},"end":{"line":63,"column":10}},"loc":{"start":{"line":63,"column":29},"end":{"line":79,"column":5}},"line":63},"10":{"name":"(anonymous_10)","decl":{"start":{"line":67,"column":12},"end":{"line":67,"column":13}},"loc":{"start":{"line":67,"column":22},"end":{"line":74,"column":7}},"line":67},"11":{"name":"(anonymous_11)","decl":{"start":{"line":75,"column":13},"end":{"line":75,"column":14}},"loc":{"start":{"line":75,"column":22},"end":{"line":78,"column":7}},"line":75},"12":{"name":"(anonymous_12)","decl":{"start":{"line":81,"column":12},"end":{"line":81,"column":13}},"loc":{"start":{"line":81,"column":32},"end":{"line":96,"column":5}},"line":81},"13":{"name":"(anonymous_13)","decl":{"start":{"line":84,"column":12},"end":{"line":84,"column":13}},"loc":{"start":{"line":84,"column":22},"end":{"line":91,"column":7}},"line":84},"14":{"name":"(anonymous_14)","decl":{"start":{"line":92,"column":13},"end":{"line":92,"column":14}},"loc":{"start":{"line":92,"column":22},"end":{"line":95,"column":7}},"line":92},"15":{"name":"(anonymous_15)","decl":{"start":{"line":100,"column":7},"end":{"line":100,"column":8}},"loc":{"start":{"line":100,"column":27},"end":{"line":115,"column":3}},"line":100},"16":{"name":"(anonymous_16)","decl":{"start":{"line":110,"column":10},"end":{"line":110,"column":11}},"loc":{"start":{"line":110,"column":22},"end":{"line":113,"column":5}},"line":110},"17":{"name":"(anonymous_17)","decl":{"start":{"line":114,"column":11},"end":{"line":114,"column":12}},"loc":{"start":{"line":114,"column":18},"end":{"line":114,"column":27}},"line":114}},"branchMap":{"0":{"loc":{"start":{"line":25,"column":4},"end":{"line":27,"column":5}},"type":"if","locations":[{"start":{"line":25,"column":4},"end":{"line":27,"column":5}},{"start":{"line":25,"column":4},"end":{"line":27,"column":5}}],"line":25},"1":{"loc":{"start":{"line":25,"column":8},"end":{"line":25,"column":29}},"type":"binary-expr","locations":[{"start":{"line":25,"column":8},"end":{"line":25,"column":13}},{"start":{"line":25,"column":17},"end":{"line":25,"column":29}}],"line":25},"2":{"loc":{"start":{"line":52,"column":8},"end":{"line":54,"column":9}},"type":"if","locations":[{"start":{"line":52,"column":8},"end":{"line":54,"column":9}},{"start":{"line":52,"column":8},"end":{"line":54,"column":9}}],"line":52},"3":{"loc":{"start":{"line":68,"column":8},"end":{"line":70,"column":9}},"type":"if","locations":[{"start":{"line":68,"column":8},"end":{"line":70,"column":9}},{"start":{"line":68,"column":8},"end":{"line":70,"column":9}}],"line":68},"4":{"loc":{"start":{"line":71,"column":26},"end":{"line":71,"column":59}},"type":"binary-expr","locations":[{"start":{"line":71,"column":26},"end":{"line":71,"column":39}},{"start":{"line":71,"column":43},"end":{"line":71,"column":59}}],"line":71},"5":{"loc":{"start":{"line":85,"column":8},"end":{"line":87,"column":9}},"type":"if","locations":[{"start":{"line":85,"column":8},"end":{"line":87,"column":9}},{"start":{"line":85,"column":8},"end":{"line":87,"column":9}}],"line":85}},"s":{"0":1,"1":1,"2":1,"3":1,"4":1,"5":1,"6":2,"7":2,"8":2,"9":0,"10":3,"11":3,"12":1,"13":2,"14":2,"15":2,"16":0,"17":0,"18":1,"19":0,"20":0,"21":0,"22":0,"23":0,"24":0,"25":0,"26":0,"27":0,"28":0,"29":0,"30":0,"31":0,"32":0,"33":0,"34":0,"35":0,"36":0,"37":0,"38":0,"39":0,"40":0,"41":0,"42":0,"43":1,"44":0,"45":0,"46":0,"47":0,"48":0,"49":0,"50":1},"f":{"0":2,"1":2,"2":0,"3":3,"4":2,"5":0,"6":0,"7":0,"8":0,"9":0,"10":0,"11":0,"12":0,"13":0,"14":0,"15":0,"16":0,"17":0},"b":{"0":[1,2],"1":[3,2],"2":[0,0],"3":[0,0],"4":[0,0],"5":[0,0]},"_coverageSchema":"332fd63041d2c1bcb487cc26dd0d5f7d97098a6c","hash":"c65ef63f3fd25ff062f2e4ad85fb6e13072e65c1","contentHash":"1c5e599e32d7cd9996549025689a31e7_11.0.2"},"/Users/kevinlam/Desktop/Galvanize 😎/Projects/capstone/accountabili-buddy-api/routes/events.js":{"path":"/Users/kevinlam/Desktop/Galvanize 😎/Projects/capstone/accountabili-buddy-api/routes/events.js","statementMap":{"0":{"start":{"line":3,"column":16},"end":{"line":3,"column":34}},"1":{"start":{"line":4,"column":15},"end":{"line":4,"column":31}},"2":{"start":{"line":5,"column":13},"end":{"line":5,"column":28}},"3":{"start":{"line":6,"column":18},"end":{"line":6,"column":41}},"4":{"start":{"line":7,"column":15},"end":{"line":7,"column":42}},"5":{"start":{"line":8,"column":15},"end":{"line":8,"column":42}},"6":{"start":{"line":9,"column":16},"end":{"line":9,"column":35}},"7":{"start":{"line":11,"column":0},"end":{"line":51,"column":5}},"8":{"start":{"line":13,"column":4},"end":{"line":20,"column":7}},"9":{"start":{"line":15,"column":6},"end":{"line":15,"column":62}},"10":{"start":{"line":16,"column":6},"end":{"line":16,"column":43}},"11":{"start":{"line":19,"column":6},"end":{"line":19,"column":16}},"12":{"start":{"line":24,"column":58},"end":{"line":24,"column":66}},"13":{"start":{"line":25,"column":4},"end":{"line":50,"column":7}},"14":{"start":{"line":26,"column":4},"end":{"line":41,"column":6}},"15":{"start":{"line":32,"column":6},"end":{"line":32,"column":57}},"16":{"start":{"line":33,"column":22},"end":{"line":33,"column":37}},"17":{"start":{"line":35,"column":6},"end":{"line":40,"column":40}},"18":{"start":{"line":43,"column":6},"end":{"line":43,"column":57}},"19":{"start":{"line":44,"column":6},"end":{"line":44,"column":56}},"20":{"start":{"line":45,"column":6},"end":{"line":45,"column":38}},"21":{"start":{"line":48,"column":6},"end":{"line":48,"column":34}},"22":{"start":{"line":49,"column":6},"end":{"line":49,"column":16}},"23":{"start":{"line":53,"column":0},"end":{"line":53,"column":24}}},"fnMap":{"0":{"name":"(anonymous_0)","decl":{"start":{"line":12,"column":7},"end":{"line":12,"column":8}},"loc":{"start":{"line":12,"column":27},"end":{"line":21,"column":3}},"line":12},"1":{"name":"(anonymous_1)","decl":{"start":{"line":14,"column":10},"end":{"line":14,"column":11}},"loc":{"start":{"line":14,"column":26},"end":{"line":17,"column":5}},"line":14},"2":{"name":"(anonymous_2)","decl":{"start":{"line":18,"column":11},"end":{"line":18,"column":12}},"loc":{"start":{"line":18,"column":20},"end":{"line":20,"column":5}},"line":18},"3":{"name":"(anonymous_3)","decl":{"start":{"line":23,"column":8},"end":{"line":23,"column":9}},"loc":{"start":{"line":23,"column":28},"end":{"line":51,"column":3}},"line":23},"4":{"name":"(anonymous_4)","decl":{"start":{"line":25,"column":26},"end":{"line":25,"column":27}},"loc":{"start":{"line":26,"column":4},"end":{"line":41,"column":6}},"line":26},"5":{"name":"(anonymous_5)","decl":{"start":{"line":31,"column":10},"end":{"line":31,"column":11}},"loc":{"start":{"line":31,"column":21},"end":{"line":41,"column":5}},"line":31},"6":{"name":"(anonymous_6)","decl":{"start":{"line":42,"column":10},"end":{"line":42,"column":11}},"loc":{"start":{"line":42,"column":21},"end":{"line":46,"column":5}},"line":42},"7":{"name":"(anonymous_7)","decl":{"start":{"line":47,"column":11},"end":{"line":47,"column":12}},"loc":{"start":{"line":47,"column":20},"end":{"line":50,"column":5}},"line":47}},"branchMap":{},"s":{"0":1,"1":1,"2":1,"3":1,"4":1,"5":1,"6":1,"7":1,"8":0,"9":0,"10":0,"11":0,"12":0,"13":0,"14":0,"15":0,"16":0,"17":0,"18":0,"19":0,"20":0,"21":0,"22":0,"23":1},"f":{"0":0,"1":0,"2":0,"3":0,"4":0,"5":0,"6":0,"7":0},"b":{},"_coverageSchema":"332fd63041d2c1bcb487cc26dd0d5f7d97098a6c","hash":"bf840ec13675007bfaab28fcd69f26332580e0fa","contentHash":"ac0f46999f843816917555b174f678ac_11.0.2"},"/Users/kevinlam/Desktop/Galvanize 😎/Projects/capstone/accountabili-buddy-api/routes/token.js":{"path":"/Users/kevinlam/Desktop/Galvanize 😎/Projects/capstone/accountabili-buddy-api/routes/token.js","statementMap":{"0":{"start":{"line":1,"column":15},"end":{"line":1,"column":44}},"1":{"start":{"line":2,"column":16},"end":{"line":2,"column":34}},"2":{"start":{"line":3,"column":13},"end":{"line":3,"column":28}},"3":{"start":{"line":5,"column":15},"end":{"line":5,"column":31}},"4":{"start":{"line":6,"column":12},"end":{"line":6,"column":35}},"5":{"start":{"line":7,"column":15},"end":{"line":7,"column":41}},"6":{"start":{"line":9,"column":13},"end":{"line":9,"column":35}},"7":{"start":{"line":10,"column":14},"end":{"line":10,"column":40}},"8":{"start":{"line":12,"column":0},"end":{"line":49,"column":4}},"9":{"start":{"line":13,"column":28},"end":{"line":48,"column":6}},"10":{"start":{"line":16,"column":29},"end":{"line":16,"column":60}},"11":{"start":{"line":17,"column":6},"end":{"line":17,"column":63}},"12":{"start":{"line":19,"column":16},"end":{"line":19,"column":65}},"13":{"start":{"line":22,"column":25},"end":{"line":22,"column":38}},"14":{"start":{"line":23,"column":20},"end":{"line":26,"column":7}},"15":{"start":{"line":29,"column":20},"end":{"line":31,"column":8}},"16":{"start":{"line":33,"column":6},"end":{"line":33,"column":31}},"17":{"start":{"line":35,"column":6},"end":{"line":35,"column":34}},"18":{"start":{"line":36,"column":6},"end":{"line":36,"column":35}},"19":{"start":{"line":37,"column":6},"end":{"line":37,"column":34}},"20":{"start":{"line":38,"column":6},"end":{"line":38,"column":42}},"21":{"start":{"line":39,"column":6},"end":{"line":39,"column":35}},"22":{"start":{"line":40,"column":6},"end":{"line":40,"column":35}},"23":{"start":{"line":42,"column":6},"end":{"line":42,"column":30}},"24":{"start":{"line":43,"column":6},"end":{"line":43,"column":50}},"25":{"start":{"line":44,"column":6},"end":{"line":44,"column":39}},"26":{"start":{"line":47,"column":6},"end":{"line":47,"column":16}},"27":{"start":{"line":51,"column":0},"end":{"line":51,"column":24}}},"fnMap":{"0":{"name":"(anonymous_0)","decl":{"start":{"line":13,"column":8},"end":{"line":13,"column":9}},"loc":{"start":{"line":13,"column":28},"end":{"line":48,"column":6}},"line":13},"1":{"name":"(anonymous_1)","decl":{"start":{"line":15,"column":10},"end":{"line":15,"column":11}},"loc":{"start":{"line":15,"column":24},"end":{"line":18,"column":5}},"line":15},"2":{"name":"(anonymous_2)","decl":{"start":{"line":19,"column":10},"end":{"line":19,"column":11}},"loc":{"start":{"line":19,"column":16},"end":{"line":19,"column":65}},"line":19},"3":{"name":"(anonymous_3)","decl":{"start":{"line":21,"column":10},"end":{"line":21,"column":11}},"loc":{"start":{"line":21,"column":20},"end":{"line":45,"column":5}},"line":21},"4":{"name":"(anonymous_4)","decl":{"start":{"line":46,"column":11},"end":{"line":46,"column":12}},"loc":{"start":{"line":46,"column":20},"end":{"line":48,"column":5}},"line":46}},"branchMap":{},"s":{"0":1,"1":1,"2":1,"3":1,"4":1,"5":1,"6":1,"7":1,"8":1,"9":1,"10":1,"11":1,"12":1,"13":1,"14":1,"15":1,"16":1,"17":1,"18":1,"19":1,"20":1,"21":1,"22":1,"23":1,"24":1,"25":1,"26":0,"27":1},"f":{"0":1,"1":1,"2":1,"3":1,"4":0},"b":{},"_coverageSchema":"332fd63041d2c1bcb487cc26dd0d5f7d97098a6c","hash":"9981451dbb40706127b8a5827e65ec2408e4a125","contentHash":"9a6297ebc376110bba5564f8c7798a3f_11.0.2"},"/Users/kevinlam/Desktop/Galvanize 😎/Projects/capstone/accountabili-buddy-api/seeds/1_users.js":{"path":"/Users/kevinlam/Desktop/Galvanize 😎/Projects/capstone/accountabili-buddy-api/seeds/1_users.js","statementMap":{"0":{"start":{"line":2,"column":0},"end":{"line":75,"column":2}},"1":{"start":{"line":3,"column":2},"end":{"line":74,"column":4}},"2":{"start":{"line":4,"column":16},"end":{"line":71,"column":6}},"3":{"start":{"line":73,"column":16},"end":{"line":73,"column":86}}},"fnMap":{"0":{"name":"(anonymous_0)","decl":{"start":{"line":2,"column":15},"end":{"line":2,"column":16}},"loc":{"start":{"line":2,"column":25},"end":{"line":75,"column":1}},"line":2},"1":{"name":"(anonymous_1)","decl":{"start":{"line":4,"column":10},"end":{"line":4,"column":11}},"loc":{"start":{"line":4,"column":16},"end":{"line":71,"column":6}},"line":4},"2":{"name":"(anonymous_2)","decl":{"start":{"line":73,"column":10},"end":{"line":73,"column":11}},"loc":{"start":{"line":73,"column":16},"end":{"line":73,"column":86}},"line":73}},"branchMap":{},"s":{"0":1,"1":10,"2":10,"3":10},"f":{"0":10,"1":10,"2":10},"b":{},"_coverageSchema":"332fd63041d2c1bcb487cc26dd0d5f7d97098a6c","hash":"ffeb35cd410ea462134eee3ef9e62688622e1e1b","contentHash":"69861aba6e6acbf7a2fc2496cc2b8858_11.0.2"},"/Users/kevinlam/Desktop/Galvanize 😎/Projects/capstone/accountabili-buddy-api/seeds/2_teams.js":{"path":"/Users/kevinlam/Desktop/Galvanize 😎/Projects/capstone/accountabili-buddy-api/seeds/2_teams.js","statementMap":{"0":{"start":{"line":2,"column":0},"end":{"line":29,"column":2}},"1":{"start":{"line":3,"column":2},"end":{"line":28,"column":4}},"2":{"start":{"line":4,"column":16},"end":{"line":26,"column":6}},"3":{"start":{"line":27,"column":16},"end":{"line":27,"column":86}}},"fnMap":{"0":{"name":"(anonymous_0)","decl":{"start":{"line":2,"column":15},"end":{"line":2,"column":16}},"loc":{"start":{"line":2,"column":25},"end":{"line":29,"column":1}},"line":2},"1":{"name":"(anonymous_1)","decl":{"start":{"line":4,"column":10},"end":{"line":4,"column":11}},"loc":{"start":{"line":4,"column":16},"end":{"line":26,"column":6}},"line":4},"2":{"name":"(anonymous_2)","decl":{"start":{"line":27,"column":10},"end":{"line":27,"column":11}},"loc":{"start":{"line":27,"column":16},"end":{"line":27,"column":86}},"line":27}},"branchMap":{},"s":{"0":1,"1":10,"2":10,"3":10},"f":{"0":10,"1":10,"2":10},"b":{},"_coverageSchema":"332fd63041d2c1bcb487cc26dd0d5f7d97098a6c","hash":"ca38ba4800c79ce0aa6888bd83b72408e9c6c413","contentHash":"9b65fb8b33b1567372f0e716fb9fba01_11.0.2"},"/Users/kevinlam/Desktop/Galvanize 😎/Projects/capstone/accountabili-buddy-api/seeds/3_images.js":{"path":"/Users/kevinlam/Desktop/Galvanize 😎/Projects/capstone/accountabili-buddy-api/seeds/3_images.js","statementMap":{"0":{"start":{"line":2,"column":0},"end":{"line":29,"column":2}},"1":{"start":{"line":3,"column":2},"end":{"line":28,"column":4}},"2":{"start":{"line":4,"column":16},"end":{"line":26,"column":6}},"3":{"start":{"line":27,"column":16},"end":{"line":27,"column":88}}},"fnMap":{"0":{"name":"(anonymous_0)","decl":{"start":{"line":2,"column":15},"end":{"line":2,"column":16}},"loc":{"start":{"line":2,"column":25},"end":{"line":29,"column":1}},"line":2},"1":{"name":"(anonymous_1)","decl":{"start":{"line":4,"column":10},"end":{"line":4,"column":11}},"loc":{"start":{"line":4,"column":16},"end":{"line":26,"column":6}},"line":4},"2":{"name":"(anonymous_2)","decl":{"start":{"line":27,"column":10},"end":{"line":27,"column":11}},"loc":{"start":{"line":27,"column":16},"end":{"line":27,"column":88}},"line":27}},"branchMap":{},"s":{"0":1,"1":10,"2":10,"3":10},"f":{"0":10,"1":10,"2":10},"b":{},"_coverageSchema":"332fd63041d2c1bcb487cc26dd0d5f7d97098a6c","hash":"a018591e293e06f3e749f34a749496a7e4e5da71","contentHash":"c1f21acb3208b54d50c2c85a258f6441_11.0.2"},"/Users/kevinlam/Desktop/Galvanize 😎/Projects/capstone/accountabili-buddy-api/seeds/4_teams_users.js":{"path":"/Users/kevinlam/Desktop/Galvanize 😎/Projects/capstone/accountabili-buddy-api/seeds/4_teams_users.js","statementMap":{"0":{"start":{"line":2,"column":0},"end":{"line":44,"column":2}},"1":{"start":{"line":3,"column":2},"end":{"line":43,"column":4}},"2":{"start":{"line":4,"column":16},"end":{"line":41,"column":6}},"3":{"start":{"line":42,"column":16},"end":{"line":42,"column":98}}},"fnMap":{"0":{"name":"(anonymous_0)","decl":{"start":{"line":2,"column":15},"end":{"line":2,"column":16}},"loc":{"start":{"line":2,"column":25},"end":{"line":44,"column":1}},"line":2},"1":{"name":"(anonymous_1)","decl":{"start":{"line":4,"column":10},"end":{"line":4,"column":11}},"loc":{"start":{"line":4,"column":16},"end":{"line":41,"column":6}},"line":4},"2":{"name":"(anonymous_2)","decl":{"start":{"line":42,"column":10},"end":{"line":42,"column":11}},"loc":{"start":{"line":42,"column":16},"end":{"line":42,"column":98}},"line":42}},"branchMap":{},"s":{"0":1,"1":10,"2":10,"3":10},"f":{"0":10,"1":10,"2":10},"b":{},"_coverageSchema":"332fd63041d2c1bcb487cc26dd0d5f7d97098a6c","hash":"2628521b07db98f79db77089acc9a83bcb233540","contentHash":"0d2b40d9384ee8acee504d8ed7d55781_11.0.2"},"/Users/kevinlam/Desktop/Galvanize 😎/Projects/capstone/accountabili-buddy-api/seeds/5_events.js":{"path":"/Users/kevinlam/Desktop/Galvanize 😎/Projects/capstone/accountabili-buddy-api/seeds/5_events.js","statementMap":{"0":{"start":{"line":2,"column":0},"end":{"line":44,"column":2}},"1":{"start":{"line":3,"column":2},"end":{"line":43,"column":4}},"2":{"start":{"line":4,"column":16},"end":{"line":41,"column":6}},"3":{"start":{"line":42,"column":16},"end":{"line":42,"column":88}}},"fnMap":{"0":{"name":"(anonymous_0)","decl":{"start":{"line":2,"column":15},"end":{"line":2,"column":16}},"loc":{"start":{"line":2,"column":25},"end":{"line":44,"column":1}},"line":2},"1":{"name":"(anonymous_1)","decl":{"start":{"line":4,"column":10},"end":{"line":4,"column":11}},"loc":{"start":{"line":4,"column":16},"end":{"line":41,"column":6}},"line":4},"2":{"name":"(anonymous_2)","decl":{"start":{"line":42,"column":10},"end":{"line":42,"column":11}},"loc":{"start":{"line":42,"column":16},"end":{"line":42,"column":88}},"line":42}},"branchMap":{},"s":{"0":1,"1":10,"2":10,"3":10},"f":{"0":10,"1":10,"2":10},"b":{},"_coverageSchema":"332fd63041d2c1bcb487cc26dd0d5f7d97098a6c","hash":"34e5ad6ffa1e87618a9b202bc5947ad3042fe6e9","contentHash":"f6fcfc018c30da524caa1787d5b79a1c_11.0.2"},"/Users/kevinlam/Desktop/Galvanize 😎/Projects/capstone/accountabili-buddy-api/seeds/images_users.js":{"path":"/Users/kevinlam/Desktop/Galvanize 😎/Projects/capstone/accountabili-buddy-api/seeds/images_users.js","statementMap":{"0":{"start":{"line":2,"column":0},"end":{"line":25,"column":2}},"1":{"start":{"line":3,"column":2},"end":{"line":24,"column":4}},"2":{"start":{"line":5,"column":6},"end":{"line":21,"column":9}},"3":{"start":{"line":23,"column":16},"end":{"line":23,"column":100}}},"fnMap":{"0":{"name":"(anonymous_0)","decl":{"start":{"line":2,"column":15},"end":{"line":2,"column":16}},"loc":{"start":{"line":2,"column":25},"end":{"line":25,"column":1}},"line":2},"1":{"name":"(anonymous_1)","decl":{"start":{"line":4,"column":10},"end":{"line":4,"column":11}},"loc":{"start":{"line":4,"column":16},"end":{"line":22,"column":5}},"line":4},"2":{"name":"(anonymous_2)","decl":{"start":{"line":23,"column":10},"end":{"line":23,"column":11}},"loc":{"start":{"line":23,"column":16},"end":{"line":23,"column":100}},"line":23}},"branchMap":{},"s":{"0":1,"1":10,"2":10,"3":10},"f":{"0":10,"1":10,"2":10},"b":{},"_coverageSchema":"332fd63041d2c1bcb487cc26dd0d5f7d97098a6c","hash":"d43fe2d99b8069105e541fe7311f18e26ee6aa1c","contentHash":"7512ef95584527b5c576a573a2f775a6_11.0.2"}}