{"/Users/kevinlam/Desktop/Galvanize 😎/Projects/capstone/accountabili-buddy-api/knex.js":{"path":"/Users/kevinlam/Desktop/Galvanize 😎/Projects/capstone/accountabili-buddy-api/knex.js","statementMap":{"0":{"start":{"line":3,"column":20},"end":{"line":3,"column":57}},"1":{"start":{"line":4,"column":19},"end":{"line":4,"column":53}},"2":{"start":{"line":5,"column":13},"end":{"line":5,"column":40}},"3":{"start":{"line":7,"column":0},"end":{"line":7,"column":22}}},"fnMap":{},"branchMap":{"0":{"loc":{"start":{"line":3,"column":20},"end":{"line":3,"column":57}},"type":"binary-expr","locations":[{"start":{"line":3,"column":20},"end":{"line":3,"column":40}},{"start":{"line":3,"column":44},"end":{"line":3,"column":57}}],"line":3}},"s":{"0":1,"1":1,"2":1,"3":1},"f":{},"b":{"0":[1,0]},"_coverageSchema":"332fd63041d2c1bcb487cc26dd0d5f7d97098a6c","hash":"c9c601c2a52fa17c6d0968422046328c85d419e1","contentHash":"86f44ea5d0cdaa7c051bb5a9a38f40af_11.0.2"},"/Users/kevinlam/Desktop/Galvanize 😎/Projects/capstone/accountabili-buddy-api/knexfile.js":{"path":"/Users/kevinlam/Desktop/Galvanize 😎/Projects/capstone/accountabili-buddy-api/knexfile.js","statementMap":{"0":{"start":{"line":3,"column":0},"end":{"line":19,"column":2}}},"fnMap":{},"branchMap":{},"s":{"0":1},"f":{},"b":{},"_coverageSchema":"332fd63041d2c1bcb487cc26dd0d5f7d97098a6c","hash":"8b857251af1d376020693d5b21cef1ed11e1d649","contentHash":"33c49948a4fe6f7a4b7545d545273af4_11.0.2"},"/Users/kevinlam/Desktop/Galvanize 😎/Projects/capstone/accountabili-buddy-api/server.js":{"path":"/Users/kevinlam/Desktop/Galvanize 😎/Projects/capstone/accountabili-buddy-api/server.js","statementMap":{"0":{"start":{"line":1,"column":0},"end":{"line":3,"column":1}},"1":{"start":{"line":2,"column":2},"end":{"line":2,"column":29}},"2":{"start":{"line":5,"column":16},"end":{"line":5,"column":34}},"3":{"start":{"line":7,"column":12},"end":{"line":7,"column":21}},"4":{"start":{"line":8,"column":13},"end":{"line":8,"column":37}},"5":{"start":{"line":9,"column":19},"end":{"line":9,"column":41}},"6":{"start":{"line":10,"column":21},"end":{"line":10,"column":45}},"7":{"start":{"line":11,"column":15},"end":{"line":11,"column":32}},"8":{"start":{"line":12,"column":17},"end":{"line":12,"column":36}},"9":{"start":{"line":13,"column":25},"end":{"line":13,"column":62}},"10":{"start":{"line":16,"column":0},"end":{"line":26,"column":1}},"11":{"start":{"line":18,"column":2},"end":{"line":18,"column":25}},"12":{"start":{"line":19,"column":2},"end":{"line":19,"column":8}},"13":{"start":{"line":22,"column":2},"end":{"line":22,"column":27}},"14":{"start":{"line":23,"column":2},"end":{"line":23,"column":8}},"15":{"start":{"line":28,"column":0},"end":{"line":34,"column":67}},"16":{"start":{"line":34,"column":47},"end":{"line":34,"column":64}},"17":{"start":{"line":36,"column":0},"end":{"line":38,"column":3}},"18":{"start":{"line":37,"column":2},"end":{"line":37,"column":17}},"19":{"start":{"line":40,"column":0},"end":{"line":42,"column":3}},"20":{"start":{"line":41,"column":2},"end":{"line":41,"column":16}},"21":{"start":{"line":44,"column":0},"end":{"line":44,"column":27}},"22":{"start":{"line":45,"column":0},"end":{"line":45,"column":24}},"23":{"start":{"line":46,"column":0},"end":{"line":50,"column":4}},"24":{"start":{"line":52,"column":0},"end":{"line":52,"column":31}},"25":{"start":{"line":53,"column":0},"end":{"line":53,"column":28}},"26":{"start":{"line":55,"column":14},"end":{"line":55,"column":39}},"27":{"start":{"line":56,"column":16},"end":{"line":56,"column":43}},"28":{"start":{"line":57,"column":14},"end":{"line":57,"column":39}},"29":{"start":{"line":58,"column":15},"end":{"line":58,"column":41}},"30":{"start":{"line":59,"column":14},"end":{"line":59,"column":39}},"31":{"start":{"line":60,"column":19},"end":{"line":60,"column":49}},"32":{"start":{"line":62,"column":0},"end":{"line":62,"column":15}},"33":{"start":{"line":63,"column":0},"end":{"line":63,"column":17}},"34":{"start":{"line":64,"column":0},"end":{"line":64,"column":15}},"35":{"start":{"line":65,"column":0},"end":{"line":65,"column":16}},"36":{"start":{"line":66,"column":0},"end":{"line":66,"column":15}},"37":{"start":{"line":67,"column":0},"end":{"line":67,"column":20}},"38":{"start":{"line":69,"column":0},"end":{"line":71,"column":3}},"39":{"start":{"line":70,"column":2},"end":{"line":70,"column":22}},"40":{"start":{"line":74,"column":0},"end":{"line":85,"column":3}},"41":{"start":{"line":75,"column":2},"end":{"line":80,"column":3}},"42":{"start":{"line":76,"column":4},"end":{"line":79,"column":25}},"43":{"start":{"line":83,"column":2},"end":{"line":83,"column":27}},"44":{"start":{"line":84,"column":2},"end":{"line":84,"column":29}},"45":{"start":{"line":87,"column":0},"end":{"line":89,"column":3}},"46":{"start":{"line":88,"column":2},"end":{"line":88,"column":46}},"47":{"start":{"line":91,"column":0},"end":{"line":91,"column":21}}},"fnMap":{"0":{"name":"(anonymous_0)","decl":{"start":{"line":34,"column":3},"end":{"line":34,"column":4}},"loc":{"start":{"line":34,"column":47},"end":{"line":34,"column":64}},"line":34},"1":{"name":"(anonymous_1)","decl":{"start":{"line":36,"column":23},"end":{"line":36,"column":24}},"loc":{"start":{"line":36,"column":37},"end":{"line":38,"column":1}},"line":36},"2":{"name":"(anonymous_2)","decl":{"start":{"line":40,"column":25},"end":{"line":40,"column":26}},"loc":{"start":{"line":40,"column":38},"end":{"line":42,"column":1}},"line":40},"3":{"name":"(anonymous_3)","decl":{"start":{"line":69,"column":8},"end":{"line":69,"column":9}},"loc":{"start":{"line":69,"column":22},"end":{"line":71,"column":1}},"line":69},"4":{"name":"(anonymous_4)","decl":{"start":{"line":74,"column":8},"end":{"line":74,"column":9}},"loc":{"start":{"line":74,"column":35},"end":{"line":85,"column":1}},"line":74},"5":{"name":"(anonymous_5)","decl":{"start":{"line":87,"column":17},"end":{"line":87,"column":18}},"loc":{"start":{"line":87,"column":23},"end":{"line":89,"column":1}},"line":87}},"branchMap":{"0":{"loc":{"start":{"line":1,"column":0},"end":{"line":3,"column":1}},"type":"if","locations":[{"start":{"line":1,"column":0},"end":{"line":3,"column":1}},{"start":{"line":1,"column":0},"end":{"line":3,"column":1}}],"line":1},"1":{"loc":{"start":{"line":8,"column":13},"end":{"line":8,"column":37}},"type":"binary-expr","locations":[{"start":{"line":8,"column":13},"end":{"line":8,"column":29}},{"start":{"line":8,"column":33},"end":{"line":8,"column":37}}],"line":8},"2":{"loc":{"start":{"line":16,"column":0},"end":{"line":26,"column":1}},"type":"switch","locations":[{"start":{"line":17,"column":0},"end":{"line":19,"column":8}},{"start":{"line":21,"column":0},"end":{"line":23,"column":8}},{"start":{"line":25,"column":0},"end":{"line":25,"column":8}}],"line":16},"3":{"loc":{"start":{"line":75,"column":2},"end":{"line":80,"column":3}},"type":"if","locations":[{"start":{"line":75,"column":2},"end":{"line":80,"column":3}},{"start":{"line":75,"column":2},"end":{"line":80,"column":3}}],"line":75},"4":{"loc":{"start":{"line":75,"column":6},"end":{"line":75,"column":41}},"type":"binary-expr","locations":[{"start":{"line":75,"column":6},"end":{"line":75,"column":16}},{"start":{"line":75,"column":20},"end":{"line":75,"column":41}}],"line":75}},"s":{"0":1,"1":1,"2":1,"3":1,"4":1,"5":1,"6":1,"7":1,"8":1,"9":1,"10":1,"11":0,"12":0,"13":0,"14":0,"15":1,"16":0,"17":0,"18":0,"19":0,"20":0,"21":0,"22":0,"23":0,"24":0,"25":0,"26":0,"27":0,"28":0,"29":0,"30":0,"31":0,"32":0,"33":0,"34":0,"35":0,"36":0,"37":0,"38":0,"39":0,"40":0,"41":0,"42":0,"43":0,"44":0,"45":0,"46":0,"47":0},"f":{"0":0,"1":0,"2":0,"3":0,"4":0,"5":0},"b":{"0":[1,0],"1":[1,1],"2":[0,0,1],"3":[0,0],"4":[0,0]},"_coverageSchema":"332fd63041d2c1bcb487cc26dd0d5f7d97098a6c","hash":"48950b81eeb1a73fa6e709dc5b3798346e90b524","contentHash":"70cc8e94d4fcdbd248c4f9417a90d17c_11.0.2"}}